[debug] [2023-08-19T12:55:49.076Z] ----------------------------------------------------------------------
[debug] [2023-08-19T12:55:49.078Z] Command:       /home/ruben/.nvm/versions/node/v18.16.0/bin/node /home/ruben/.nvm/versions/node/v18.16.0/bin/firebase deploy --only functions
[debug] [2023-08-19T12:55:49.078Z] CLI Version:   12.4.0
[debug] [2023-08-19T12:55:49.078Z] Platform:      linux
[debug] [2023-08-19T12:55:49.079Z] Node Version:  v18.16.0
[debug] [2023-08-19T12:55:49.079Z] Time:          Sat Aug 19 2023 13:55:49 GMT+0100 (British Summer Time)
[debug] [2023-08-19T12:55:49.079Z] ----------------------------------------------------------------------
[debug] 
[debug] [2023-08-19T12:55:49.155Z] Object ".extensions" in "firebase.json" has unknown property: {"additionalProperty":"storage-resize-images"}
[debug] [2023-08-19T12:55:49.159Z] > command requires scopes: ["email","openid","https://www.googleapis.com/auth/cloudplatformprojects.readonly","https://www.googleapis.com/auth/firebase","https://www.googleapis.com/auth/cloud-platform"]
[debug] [2023-08-19T12:55:49.160Z] > authorizing via signed-in user (a.ruben00001@gmail.com)
[debug] [2023-08-19T12:55:49.160Z] [iam] checking project birch-collective-develop for permissions ["cloudfunctions.functions.create","cloudfunctions.functions.delete","cloudfunctions.functions.get","cloudfunctions.functions.list","cloudfunctions.functions.update","cloudfunctions.operations.get","firebase.projects.get"]
[debug] [2023-08-19T12:55:49.161Z] > refreshing access token with scopes: []
[debug] [2023-08-19T12:55:49.163Z] >>> [apiv2][query] POST https://www.googleapis.com/oauth2/v3/token [none]
[debug] [2023-08-19T12:55:49.163Z] >>> [apiv2][body] POST https://www.googleapis.com/oauth2/v3/token [omitted]
[debug] [2023-08-19T12:55:49.280Z] <<< [apiv2][status] POST https://www.googleapis.com/oauth2/v3/token 200
[debug] [2023-08-19T12:55:49.281Z] <<< [apiv2][body] POST https://www.googleapis.com/oauth2/v3/token [omitted]
[debug] [2023-08-19T12:55:49.295Z] >>> [apiv2][query] POST https://cloudresourcemanager.googleapis.com/v1/projects/birch-collective-develop:testIamPermissions [none]
[debug] [2023-08-19T12:55:49.296Z] >>> [apiv2][(partial)header] POST https://cloudresourcemanager.googleapis.com/v1/projects/birch-collective-develop:testIamPermissions x-goog-quota-user=projects/birch-collective-develop
[debug] [2023-08-19T12:55:49.296Z] >>> [apiv2][body] POST https://cloudresourcemanager.googleapis.com/v1/projects/birch-collective-develop:testIamPermissions {"permissions":["cloudfunctions.functions.create","cloudfunctions.functions.delete","cloudfunctions.functions.get","cloudfunctions.functions.list","cloudfunctions.functions.update","cloudfunctions.operations.get","firebase.projects.get"]}
[debug] [2023-08-19T12:55:49.929Z] <<< [apiv2][status] POST https://cloudresourcemanager.googleapis.com/v1/projects/birch-collective-develop:testIamPermissions 200
[debug] [2023-08-19T12:55:49.929Z] <<< [apiv2][body] POST https://cloudresourcemanager.googleapis.com/v1/projects/birch-collective-develop:testIamPermissions {"permissions":["cloudfunctions.functions.create","cloudfunctions.functions.delete","cloudfunctions.functions.get","cloudfunctions.functions.list","cloudfunctions.functions.update","cloudfunctions.operations.get","firebase.projects.get"]}
[debug] [2023-08-19T12:55:49.931Z] >>> [apiv2][query] POST https://iam.googleapis.com/v1/projects/birch-collective-develop/serviceAccounts/birch-collective-develop@appspot.gserviceaccount.com:testIamPermissions [none]
[debug] [2023-08-19T12:55:49.931Z] >>> [apiv2][body] POST https://iam.googleapis.com/v1/projects/birch-collective-develop/serviceAccounts/birch-collective-develop@appspot.gserviceaccount.com:testIamPermissions {"permissions":["iam.serviceAccounts.actAs"]}
[debug] [2023-08-19T12:55:50.501Z] <<< [apiv2][status] POST https://iam.googleapis.com/v1/projects/birch-collective-develop/serviceAccounts/birch-collective-develop@appspot.gserviceaccount.com:testIamPermissions 200
[debug] [2023-08-19T12:55:50.502Z] <<< [apiv2][body] POST https://iam.googleapis.com/v1/projects/birch-collective-develop/serviceAccounts/birch-collective-develop@appspot.gserviceaccount.com:testIamPermissions {"permissions":["iam.serviceAccounts.actAs"]}
[info] 
[info] === Deploying to 'birch-collective-develop'...
[info] 
[info] i  deploying functions 
[debug] [2023-08-19T12:55:50.513Z] >>> [apiv2][query] GET https://firebase.googleapis.com/v1beta1/projects/birch-collective-develop [none]
[debug] [2023-08-19T12:55:50.731Z] <<< [apiv2][status] GET https://firebase.googleapis.com/v1beta1/projects/birch-collective-develop 200
[debug] [2023-08-19T12:55:50.732Z] <<< [apiv2][body] GET https://firebase.googleapis.com/v1beta1/projects/birch-collective-develop {"projectId":"birch-collective-develop","projectNumber":"796296843255","displayName":"birch-collective-develop","name":"projects/birch-collective-develop","resources":{"hostingSite":"birch-collective-develop","storageBucket":"birch-collective-develop.appspot.com","locationId":"europe-west2"},"state":"ACTIVE","etag":"1_3ca25e5c-b08f-4e67-9729-617276e03352"}
[info] i  functions: preparing codebase default for deployment 
[info] i  functions: ensuring required API cloudfunctions.googleapis.com is enabled... 
[info] i  functions: ensuring required API cloudbuild.googleapis.com is enabled... 
[info] i  artifactregistry: ensuring required API artifactregistry.googleapis.com is enabled... 
[debug] [2023-08-19T12:55:50.737Z] >>> [apiv2][query] GET https://serviceusage.googleapis.com/v1/projects/birch-collective-develop/services/cloudfunctions.googleapis.com [none]
[debug] [2023-08-19T12:55:50.737Z] >>> [apiv2][(partial)header] GET https://serviceusage.googleapis.com/v1/projects/birch-collective-develop/services/cloudfunctions.googleapis.com x-goog-quota-user=projects/birch-collective-develop
[debug] [2023-08-19T12:55:50.741Z] >>> [apiv2][query] GET https://serviceusage.googleapis.com/v1/projects/birch-collective-develop/services/runtimeconfig.googleapis.com [none]
[debug] [2023-08-19T12:55:50.741Z] >>> [apiv2][(partial)header] GET https://serviceusage.googleapis.com/v1/projects/birch-collective-develop/services/runtimeconfig.googleapis.com x-goog-quota-user=projects/birch-collective-develop
[debug] [2023-08-19T12:55:50.745Z] >>> [apiv2][query] GET https://serviceusage.googleapis.com/v1/projects/birch-collective-develop/services/cloudbuild.googleapis.com [none]
[debug] [2023-08-19T12:55:50.745Z] >>> [apiv2][(partial)header] GET https://serviceusage.googleapis.com/v1/projects/birch-collective-develop/services/cloudbuild.googleapis.com x-goog-quota-user=projects/birch-collective-develop
[debug] [2023-08-19T12:55:50.749Z] >>> [apiv2][query] GET https://serviceusage.googleapis.com/v1/projects/birch-collective-develop/services/artifactregistry.googleapis.com [none]
[debug] [2023-08-19T12:55:50.749Z] >>> [apiv2][(partial)header] GET https://serviceusage.googleapis.com/v1/projects/birch-collective-develop/services/artifactregistry.googleapis.com x-goog-quota-user=projects/birch-collective-develop
[debug] [2023-08-19T12:55:51.577Z] <<< [apiv2][status] GET https://serviceusage.googleapis.com/v1/projects/birch-collective-develop/services/runtimeconfig.googleapis.com 200
[debug] [2023-08-19T12:55:51.577Z] <<< [apiv2][body] GET https://serviceusage.googleapis.com/v1/projects/birch-collective-develop/services/runtimeconfig.googleapis.com [omitted]
[debug] [2023-08-19T12:55:51.601Z] <<< [apiv2][status] GET https://serviceusage.googleapis.com/v1/projects/birch-collective-develop/services/cloudfunctions.googleapis.com 200
[debug] [2023-08-19T12:55:51.602Z] <<< [apiv2][body] GET https://serviceusage.googleapis.com/v1/projects/birch-collective-develop/services/cloudfunctions.googleapis.com [omitted]
[info] ✔  functions: required API cloudfunctions.googleapis.com is enabled 
[debug] [2023-08-19T12:55:51.634Z] <<< [apiv2][status] GET https://serviceusage.googleapis.com/v1/projects/birch-collective-develop/services/cloudbuild.googleapis.com 200
[debug] [2023-08-19T12:55:51.635Z] <<< [apiv2][body] GET https://serviceusage.googleapis.com/v1/projects/birch-collective-develop/services/cloudbuild.googleapis.com [omitted]
[info] ✔  functions: required API cloudbuild.googleapis.com is enabled 
[debug] [2023-08-19T12:55:51.703Z] <<< [apiv2][status] GET https://serviceusage.googleapis.com/v1/projects/birch-collective-develop/services/artifactregistry.googleapis.com 200
[debug] [2023-08-19T12:55:51.703Z] <<< [apiv2][body] GET https://serviceusage.googleapis.com/v1/projects/birch-collective-develop/services/artifactregistry.googleapis.com [omitted]
[info] ✔  artifactregistry: required API artifactregistry.googleapis.com is enabled 
[debug] [2023-08-19T12:55:51.704Z] >>> [apiv2][query] GET https://firebase.googleapis.com/v1beta1/projects/birch-collective-develop/adminSdkConfig [none]
[debug] [2023-08-19T12:55:51.950Z] <<< [apiv2][status] GET https://firebase.googleapis.com/v1beta1/projects/birch-collective-develop/adminSdkConfig 200
[debug] [2023-08-19T12:55:51.950Z] <<< [apiv2][body] GET https://firebase.googleapis.com/v1beta1/projects/birch-collective-develop/adminSdkConfig {"projectId":"birch-collective-develop","storageBucket":"birch-collective-develop.appspot.com","locationId":"europe-west2"}
[debug] [2023-08-19T12:55:51.952Z] >>> [apiv2][query] GET https://runtimeconfig.googleapis.com/v1beta1/projects/birch-collective-develop/configs [none]
[debug] [2023-08-19T12:55:52.211Z] <<< [apiv2][status] GET https://runtimeconfig.googleapis.com/v1beta1/projects/birch-collective-develop/configs 200
[debug] [2023-08-19T12:55:52.211Z] <<< [apiv2][body] GET https://runtimeconfig.googleapis.com/v1beta1/projects/birch-collective-develop/configs {}
[debug] [2023-08-19T12:55:52.213Z] Validating nodejs source
[debug] [2023-08-19T12:55:52.740Z] > [functions] package.json contents: {
  "name": "functions",
  "description": "Cloud Functions for Firebase",
  "scripts": {
    "serve": "firebase emulators:start --only functions",
    "shell": "firebase functions:shell",
    "start": "npm run shell",
    "deploy": "firebase deploy --only functions",
    "logs": "firebase functions:log"
  },
  "engines": {
    "node": "18"
  },
  "main": "index.js",
  "dependencies": {
    "firebase-admin": "^11.8.0",
    "firebase-functions": "^4.3.1"
  },
  "devDependencies": {
    "firebase-functions-test": "^3.1.0"
  },
  "private": true
}
[debug] [2023-08-19T12:55:52.741Z] Building nodejs source
[debug] [2023-08-19T12:55:52.741Z] Could not find functions.yaml. Must use http discovery
[debug] [2023-08-19T12:55:52.746Z] Found firebase-functions binary at '/home/ruben/Coding/website-builds/birch-collective/version-june_2023/cms/functions/node_modules/.bin/firebase-functions'
[debug] [2023-08-19T12:55:52.895Z] Serving at port 8925

[debug] [2023-08-19T12:55:53.073Z] Got response from /__/functions.yaml {"endpoints":{"addAdminRole":{"platform":"gcfv1","labels":{},"availableMemoryMb":null,"timeoutSeconds":null,"minInstances":null,"maxInstances":null,"ingressSettings":null,"serviceAccountEmail":null,"vpc":null,"region":["europe-west2"],"callableTrigger":{},"entryPoint":"addAdminRole"},"computeIsAdminByEmail":{"platform":"gcfv1","labels":{},"availableMemoryMb":null,"timeoutSeconds":null,"minInstances":null,"maxInstances":null,"ingressSettings":null,"serviceAccountEmail":null,"vpc":null,"region":["europe-west2"],"callableTrigger":{},"entryPoint":"computeIsAdminByEmail"}},"specVersion":"v1alpha1","requiredAPIs":[]}
[debug] [2023-08-19T12:55:53.082Z] shutdown requested via /__/quitquitquit

[info] i  functions: preparing functions directory for uploading... 
[info] i  functions: packaged /home/ruben/Coding/website-builds/birch-collective/version-june_2023/cms/functions (32 KB) for uploading 
[debug] [2023-08-19T12:55:53.133Z] >>> [apiv2][query] GET https://cloudfunctions.googleapis.com/v1/projects/birch-collective-develop/locations/-/functions [none]
[debug] [2023-08-19T12:55:53.620Z] <<< [apiv2][status] GET https://cloudfunctions.googleapis.com/v1/projects/birch-collective-develop/locations/-/functions 200
[debug] [2023-08-19T12:55:53.621Z] <<< [apiv2][body] GET https://cloudfunctions.googleapis.com/v1/projects/birch-collective-develop/locations/-/functions {"functions":[{"name":"projects/birch-collective-develop/locations/europe-west2/functions/ext-storage-resize-images-backfillResizedImages","description":"Handles tasks from startBackfill to resize existing images.","sourceArchiveUrl":"gs://firebase-mod-sources-prod/157d0c4f82c3254f457c41ad142f5d1de5dabd00af7e77fe4313e71f597c9929","httpsTrigger":{"url":"https://europe-west2-birch-collective-develop.cloudfunctions.net/ext-storage-resize-images-backfillResizedImages","securityLevel":"SECURE_OPTIONAL"},"status":"ACTIVE","entryPoint":"backfillResizedImages","timeout":"540s","availableMemoryMb":1024,"serviceAccountEmail":"ext-storage-resize-images@birch-collective-develop.iam.gserviceaccount.com","updateTime":"2023-06-26T11:58:35.994Z","versionId":"2","labels":{"firebase-extensions-ar":"enabled","goog-dm":"firebase-ext-storage-resize-images","goog-firebase-ext":"storage-resize-images","deployment-tool":"firebase-extensions","goog-firebase-ext-iid":"storage-resize-images"},"environmentVariables":{"DATABASE_INSTANCE":"","DATABASE_URL":"","DELETE_ORIGINAL_FILE":"on_success","DO_BACKFILL":"false","EXT_INSTANCE_ID":"storage-resize-images","FIREBASE_CONFIG":"{\"projectId\":\"birch-collective-develop\",\"databaseURL\":\"\",\"storageBucket\":\"birch-collective-develop.appspot.com\"}","FUNCTION_MEMORY":"1024","GCLOUD_PROJECT":"birch-collective-develop","IMAGE_TYPE":"webp","IMG_BUCKET":"birch-collective-develop.appspot.com","IMG_SIZES":"2400x1600,32x32","INCLUDE_PATH_LIST":"/resized","IS_ANIMATED":"false","LOCATION":"europe-west2","MAKE_PUBLIC":"false","PROJECT_ID":"birch-collective-develop","STORAGE_BUCKET":"birch-collective-develop.appspot.com"},"runtime":"nodejs16","maxInstances":3000,"ingressSettings":"ALLOW_ALL","buildId":"2d7165d8-bdcb-42a8-9dd8-639135686a02","buildEnvironmentVariables":{"GOOGLE_NODE_RUN_SCRIPTS":""},"buildName":"projects/796296843255/locations/europe-west2/builds/2d7165d8-bdcb-42a8-9dd8-639135686a02","dockerRegistry":"ARTIFACT_REGISTRY"},{"name":"projects/birch-collective-develop/locations/europe-west2/functions/ext-storage-resize-images-generateResizedImage","description":"Listens for new images uploaded to your specified Cloud Storage bucket, resizes the images, then stores the resized images in the same bucket. Optionally keeps or deletes the original images.","sourceArchiveUrl":"gs://firebase-mod-sources-prod/157d0c4f82c3254f457c41ad142f5d1de5dabd00af7e77fe4313e71f597c9929","eventTrigger":{"eventType":"google.storage.object.finalize","resource":"projects/_/buckets/birch-collective-develop.appspot.com","service":"storage.googleapis.com","failurePolicy":{}},"status":"ACTIVE","entryPoint":"generateResizedImage","timeout":"60s","availableMemoryMb":1024,"serviceAccountEmail":"ext-storage-resize-images@birch-collective-develop.iam.gserviceaccount.com","updateTime":"2023-06-26T11:57:57.402Z","versionId":"2","labels":{"firebase-extensions-ar":"enabled","goog-dm":"firebase-ext-storage-resize-images","goog-firebase-ext":"storage-resize-images","deployment-tool":"firebase-extensions","goog-firebase-ext-iid":"storage-resize-images"},"environmentVariables":{"DATABASE_INSTANCE":"","DATABASE_URL":"","DELETE_ORIGINAL_FILE":"on_success","DO_BACKFILL":"false","EXT_INSTANCE_ID":"storage-resize-images","FIREBASE_CONFIG":"{\"projectId\":\"birch-collective-develop\",\"databaseURL\":\"\",\"storageBucket\":\"birch-collective-develop.appspot.com\"}","FUNCTION_MEMORY":"1024","GCLOUD_PROJECT":"birch-collective-develop","IMAGE_TYPE":"webp","IMG_BUCKET":"birch-collective-develop.appspot.com","IMG_SIZES":"2400x1600,32x32","INCLUDE_PATH_LIST":"/resized","IS_ANIMATED":"false","LOCATION":"europe-west2","MAKE_PUBLIC":"false","PROJECT_ID":"birch-collective-develop","STORAGE_BUCKET":"birch-collective-develop.appspot.com"},"runtime":"nodejs16","maxInstances":3000,"ingressSettings":"ALLOW_INTERNAL_ONLY","buildId":"a4cea12d-cfc5-450b-877a-4da347fbb902","buildEnvironmentVariables":{"GOOGLE_NODE_RUN_SCRIPTS":""},"buildName":"projects/796296843255/locations/europe-west2/builds/a4cea12d-cfc5-450b-877a-4da347fbb902","dockerRegistry":"ARTIFACT_REGISTRY"}]}
[debug] [2023-08-19T12:55:53.625Z] >>> [apiv2][query] GET https://cloudfunctions.googleapis.com/v2/projects/birch-collective-develop/locations/-/functions filter=environment%3D%22GEN_2%22
[debug] [2023-08-19T12:55:54.657Z] <<< [apiv2][status] GET https://cloudfunctions.googleapis.com/v2/projects/birch-collective-develop/locations/-/functions 200
[debug] [2023-08-19T12:55:54.657Z] <<< [apiv2][body] GET https://cloudfunctions.googleapis.com/v2/projects/birch-collective-develop/locations/-/functions {}
[debug] [2023-08-19T12:55:54.669Z] >>> [apiv2][query] GET https://firebase.googleapis.com/v1beta1/projects/birch-collective-develop [none]
[debug] [2023-08-19T12:55:54.871Z] <<< [apiv2][status] GET https://firebase.googleapis.com/v1beta1/projects/birch-collective-develop 200
[debug] [2023-08-19T12:55:54.871Z] <<< [apiv2][body] GET https://firebase.googleapis.com/v1beta1/projects/birch-collective-develop {"projectId":"birch-collective-develop","projectNumber":"796296843255","displayName":"birch-collective-develop","name":"projects/birch-collective-develop","resources":{"hostingSite":"birch-collective-develop","storageBucket":"birch-collective-develop.appspot.com","locationId":"europe-west2"},"state":"ACTIVE","etag":"1_3ca25e5c-b08f-4e67-9729-617276e03352"}
[debug] [2023-08-19T12:55:54.876Z] >>> [apiv2][query] POST https://cloudfunctions.googleapis.com/v1/projects/birch-collective-develop/locations/europe-west2/functions:generateUploadUrl [none]
[debug] [2023-08-19T12:55:54.876Z] >>> [apiv2][body] POST https://cloudfunctions.googleapis.com/v1/projects/birch-collective-develop/locations/europe-west2/functions:generateUploadUrl {}
[debug] [2023-08-19T12:55:56.087Z] <<< [apiv2][status] POST https://cloudfunctions.googleapis.com/v1/projects/birch-collective-develop/locations/europe-west2/functions:generateUploadUrl 200
[debug] [2023-08-19T12:55:56.088Z] <<< [apiv2][body] POST https://cloudfunctions.googleapis.com/v1/projects/birch-collective-develop/locations/europe-west2/functions:generateUploadUrl {"uploadUrl":"https://storage.googleapis.com/uploads-902740247092.europe-west2.cloudfunctions.appspot.com/2677455e-ee5a-4fa7-9989-61b7b0164d22.zip?GoogleAccessId=service-796296843255@gcf-admin-robot.iam.gserviceaccount.com&Expires=1692451555&Signature=MOAbiS9hJYZgjcsSa0xzzNKhIdH%2Bt3smvryP3%2FyvJYvwBCRod0%2FOvrbdWmWAOvFXhu1F7zt7miIzLWaGTZTsO%2FBxY5y7ounmaCLcO4WjM%2FFf9s3hxchy52ZwFYsEyjJkIMDt44iKXm0xV3XcF%2Fh6s%2FEnjZEmyVJUcOD5qNvECWfBhsUTm5xUDnxV%2BixDthTeDEef%2FVFHOByskBOnF49U75w3%2FKcvdbVTCPWttDU63s46xgAwa8%2BxKlrIb4kmojKOV6tX%2F5S7EKEGr6Sd6tIjizgvL%2FwUN6i5SYGLj4y97SyX8fAAUrvRLIIKNs7kWMEfYTzozVVNxiGC8lx3pDIb2A%3D%3D"}
[debug] [2023-08-19T12:55:56.090Z] >>> [apiv2][query] PUT https://storage.googleapis.com/uploads-902740247092.europe-west2.cloudfunctions.appspot.com/2677455e-ee5a-4fa7-9989-61b7b0164d22.zip GoogleAccessId=service-796296843255%40gcf-admin-robot.iam.gserviceaccount.com&Expires=1692451555&Signature=MOAbiS9hJYZgjcsSa0xzzNKhIdH%2Bt3smvryP3%2FyvJYvwBCRod0%2FOvrbdWmWAOvFXhu1F7zt7miIzLWaGTZTsO%2FBxY5y7ounmaCLcO4WjM%2FFf9s3hxchy52ZwFYsEyjJkIMDt44iKXm0xV3XcF%2Fh6s%2FEnjZEmyVJUcOD5qNvECWfBhsUTm5xUDnxV%2BixDthTeDEef%2FVFHOByskBOnF49U75w3%2FKcvdbVTCPWttDU63s46xgAwa8%2BxKlrIb4kmojKOV6tX%2F5S7EKEGr6Sd6tIjizgvL%2FwUN6i5SYGLj4y97SyX8fAAUrvRLIIKNs7kWMEfYTzozVVNxiGC8lx3pDIb2A%3D%3D
[debug] [2023-08-19T12:55:56.090Z] >>> [apiv2][body] PUT https://storage.googleapis.com/uploads-902740247092.europe-west2.cloudfunctions.appspot.com/2677455e-ee5a-4fa7-9989-61b7b0164d22.zip [stream]
[debug] [2023-08-19T12:55:56.292Z] <<< [apiv2][status] PUT https://storage.googleapis.com/uploads-902740247092.europe-west2.cloudfunctions.appspot.com/2677455e-ee5a-4fa7-9989-61b7b0164d22.zip 200
[debug] [2023-08-19T12:55:56.292Z] <<< [apiv2][body] PUT https://storage.googleapis.com/uploads-902740247092.europe-west2.cloudfunctions.appspot.com/2677455e-ee5a-4fa7-9989-61b7b0164d22.zip [omitted]
[info] ✔  functions: functions folder uploaded successfully 
[info] i  functions: creating Node.js 18 (1st Gen) function addAdminRole(europe-west2)... 
[info] i  functions: creating Node.js 18 (1st Gen) function computeIsAdminByEmail(europe-west2)... 
[debug] [2023-08-19T12:55:56.296Z] >>> [apiv2][query] POST https://cloudfunctions.googleapis.com/v1/projects/birch-collective-develop/locations/europe-west2/functions [none]
[debug] [2023-08-19T12:55:56.296Z] >>> [apiv2][body] POST https://cloudfunctions.googleapis.com/v1/projects/birch-collective-develop/locations/europe-west2/functions {"name":"projects/birch-collective-develop/locations/europe-west2/functions/addAdminRole","sourceUploadUrl":"https://storage.googleapis.com/uploads-902740247092.europe-west2.cloudfunctions.appspot.com/2677455e-ee5a-4fa7-9989-61b7b0164d22.zip?GoogleAccessId=service-796296843255@gcf-admin-robot.iam.gserviceaccount.com&Expires=1692451555&Signature=MOAbiS9hJYZgjcsSa0xzzNKhIdH%2Bt3smvryP3%2FyvJYvwBCRod0%2FOvrbdWmWAOvFXhu1F7zt7miIzLWaGTZTsO%2FBxY5y7ounmaCLcO4WjM%2FFf9s3hxchy52ZwFYsEyjJkIMDt44iKXm0xV3XcF%2Fh6s%2FEnjZEmyVJUcOD5qNvECWfBhsUTm5xUDnxV%2BixDthTeDEef%2FVFHOByskBOnF49U75w3%2FKcvdbVTCPWttDU63s46xgAwa8%2BxKlrIb4kmojKOV6tX%2F5S7EKEGr6Sd6tIjizgvL%2FwUN6i5SYGLj4y97SyX8fAAUrvRLIIKNs7kWMEfYTzozVVNxiGC8lx3pDIb2A%3D%3D","entryPoint":"addAdminRole","runtime":"nodejs18","dockerRegistry":"ARTIFACT_REGISTRY","labels":{"deployment-tool":"cli-firebase","deployment-callable":"true","firebase-functions-hash":"e0843071cec258f800ed9d8707fbc00ecf29d23b"},"httpsTrigger":{"securityLevel":"SECURE_ALWAYS"},"minInstances":null,"maxInstances":null,"ingressSettings":null,"environmentVariables":{"FIREBASE_CONFIG":"{\"projectId\":\"birch-collective-develop\",\"storageBucket\":\"birch-collective-develop.appspot.com\",\"locationId\":\"europe-west2\"}","GCLOUD_PROJECT":"birch-collective-develop","EVENTARC_CLOUD_EVENT_SOURCE":"projects/birch-collective-develop/locations/europe-west2/functions/addAdminRole"},"serviceAccountEmail":null,"availableMemoryMb":null,"timeout":null,"vpcConnector":null,"vpcConnectorEgressSettings":null,"buildEnvironmentVariables":{"GOOGLE_NODE_RUN_SCRIPTS":""}}
[debug] [2023-08-19T12:55:56.839Z] <<< [apiv2][status] POST https://cloudfunctions.googleapis.com/v1/projects/birch-collective-develop/locations/europe-west2/functions 200
[debug] [2023-08-19T12:55:56.839Z] <<< [apiv2][body] POST https://cloudfunctions.googleapis.com/v1/projects/birch-collective-develop/locations/europe-west2/functions {"name":"operations/YmlyY2gtY29sbGVjdGl2ZS1kZXZlbG9wL2V1cm9wZS13ZXN0Mi9hZGRBZG1pblJvbGUvT1laVEVqenpyM0k","metadata":{"@type":"type.googleapis.com/google.cloud.functions.v1.OperationMetadataV1","target":"projects/birch-collective-develop/locations/europe-west2/functions/addAdminRole","type":"CREATE_FUNCTION","request":{"@type":"type.googleapis.com/google.cloud.functions.v1.CloudFunction","name":"projects/birch-collective-develop/locations/europe-west2/functions/addAdminRole","httpsTrigger":{"securityLevel":"SECURE_ALWAYS"},"entryPoint":"addAdminRole","labels":{"deployment-tool":"cli-firebase","deployment-callable":"true","firebase-functions-hash":"e0843071cec258f800ed9d8707fbc00ecf29d23b"},"sourceUploadUrl":"https://storage.googleapis.com/uploads-902740247092.europe-west2.cloudfunctions.appspot.com/2677455e-ee5a-4fa7-9989-61b7b0164d22.zip?GoogleAccessId=service-796296843255@gcf-admin-robot.iam.gserviceaccount.com&Expires=1692451555&Signature=MOAbiS9hJYZgjcsSa0xzzNKhIdH%2Bt3smvryP3%2FyvJYvwBCRod0%2FOvrbdWmWAOvFXhu1F7zt7miIzLWaGTZTsO%2FBxY5y7ounmaCLcO4WjM%2FFf9s3hxchy52ZwFYsEyjJkIMDt44iKXm0xV3XcF%2Fh6s%2FEnjZEmyVJUcOD5qNvECWfBhsUTm5xUDnxV%2BixDthTeDEef%2FVFHOByskBOnF49U75w3%2FKcvdbVTCPWttDU63s46xgAwa8%2BxKlrIb4kmojKOV6tX%2F5S7EKEGr6Sd6tIjizgvL%2FwUN6i5SYGLj4y97SyX8fAAUrvRLIIKNs7kWMEfYTzozVVNxiGC8lx3pDIb2A%3D%3D","environmentVariables":{"FIREBASE_CONFIG":"{\"projectId\":\"birch-collective-develop\",\"storageBucket\":\"birch-collective-develop.appspot.com\",\"locationId\":\"europe-west2\"}","GCLOUD_PROJECT":"birch-collective-develop","EVENTARC_CLOUD_EVENT_SOURCE":"projects/birch-collective-develop/locations/europe-west2/functions/addAdminRole"},"runtime":"nodejs18","buildEnvironmentVariables":{"GOOGLE_NODE_RUN_SCRIPTS":""},"dockerRegistry":"ARTIFACT_REGISTRY"},"versionId":"1","updateTime":"2023-08-19T12:55:56Z"}}
[debug] [2023-08-19T12:55:56.842Z] >>> [apiv2][query] GET https://cloudfunctions.googleapis.com/v1/operations/YmlyY2gtY29sbGVjdGl2ZS1kZXZlbG9wL2V1cm9wZS13ZXN0Mi9hZGRBZG1pblJvbGUvT1laVEVqenpyM0k [none]
[debug] [2023-08-19T12:55:56.991Z] <<< [apiv2][status] GET https://cloudfunctions.googleapis.com/v1/operations/YmlyY2gtY29sbGVjdGl2ZS1kZXZlbG9wL2V1cm9wZS13ZXN0Mi9hZGRBZG1pblJvbGUvT1laVEVqenpyM0k 200
[debug] [2023-08-19T12:55:56.991Z] <<< [apiv2][body] GET https://cloudfunctions.googleapis.com/v1/operations/YmlyY2gtY29sbGVjdGl2ZS1kZXZlbG9wL2V1cm9wZS13ZXN0Mi9hZGRBZG1pblJvbGUvT1laVEVqenpyM0k {"name":"operations/YmlyY2gtY29sbGVjdGl2ZS1kZXZlbG9wL2V1cm9wZS13ZXN0Mi9hZGRBZG1pblJvbGUvT1laVEVqenpyM0k","metadata":{"@type":"type.googleapis.com/google.cloud.functions.v1.OperationMetadataV1","target":"projects/birch-collective-develop/locations/europe-west2/functions/addAdminRole","type":"CREATE_FUNCTION","request":{"@type":"type.googleapis.com/google.cloud.functions.v1.CloudFunction","name":"projects/birch-collective-develop/locations/europe-west2/functions/addAdminRole","httpsTrigger":{"securityLevel":"SECURE_ALWAYS"},"entryPoint":"addAdminRole","labels":{"deployment-tool":"cli-firebase","deployment-callable":"true","firebase-functions-hash":"e0843071cec258f800ed9d8707fbc00ecf29d23b"},"sourceUploadUrl":"https://storage.googleapis.com/uploads-902740247092.europe-west2.cloudfunctions.appspot.com/2677455e-ee5a-4fa7-9989-61b7b0164d22.zip?GoogleAccessId=service-796296843255@gcf-admin-robot.iam.gserviceaccount.com&Expires=1692451555&Signature=MOAbiS9hJYZgjcsSa0xzzNKhIdH%2Bt3smvryP3%2FyvJYvwBCRod0%2FOvrbdWmWAOvFXhu1F7zt7miIzLWaGTZTsO%2FBxY5y7ounmaCLcO4WjM%2FFf9s3hxchy52ZwFYsEyjJkIMDt44iKXm0xV3XcF%2Fh6s%2FEnjZEmyVJUcOD5qNvECWfBhsUTm5xUDnxV%2BixDthTeDEef%2FVFHOByskBOnF49U75w3%2FKcvdbVTCPWttDU63s46xgAwa8%2BxKlrIb4kmojKOV6tX%2F5S7EKEGr6Sd6tIjizgvL%2FwUN6i5SYGLj4y97SyX8fAAUrvRLIIKNs7kWMEfYTzozVVNxiGC8lx3pDIb2A%3D%3D","environmentVariables":{"FIREBASE_CONFIG":"{\"projectId\":\"birch-collective-develop\",\"storageBucket\":\"birch-collective-develop.appspot.com\",\"locationId\":\"europe-west2\"}","GCLOUD_PROJECT":"birch-collective-develop","EVENTARC_CLOUD_EVENT_SOURCE":"projects/birch-collective-develop/locations/europe-west2/functions/addAdminRole"},"runtime":"nodejs18","buildEnvironmentVariables":{"GOOGLE_NODE_RUN_SCRIPTS":""},"dockerRegistry":"ARTIFACT_REGISTRY"},"versionId":"1","updateTime":"2023-08-19T12:55:56Z"}}
[debug] [2023-08-19T12:55:57.493Z] [create-default-europe-west2-addAdminRole] Retrying task index 0
[debug] [2023-08-19T12:55:57.493Z] >>> [apiv2][query] GET https://cloudfunctions.googleapis.com/v1/operations/YmlyY2gtY29sbGVjdGl2ZS1kZXZlbG9wL2V1cm9wZS13ZXN0Mi9hZGRBZG1pblJvbGUvT1laVEVqenpyM0k [none]
[debug] [2023-08-19T12:55:57.634Z] <<< [apiv2][status] GET https://cloudfunctions.googleapis.com/v1/operations/YmlyY2gtY29sbGVjdGl2ZS1kZXZlbG9wL2V1cm9wZS13ZXN0Mi9hZGRBZG1pblJvbGUvT1laVEVqenpyM0k 200
[debug] [2023-08-19T12:55:57.635Z] <<< [apiv2][body] GET https://cloudfunctions.googleapis.com/v1/operations/YmlyY2gtY29sbGVjdGl2ZS1kZXZlbG9wL2V1cm9wZS13ZXN0Mi9hZGRBZG1pblJvbGUvT1laVEVqenpyM0k {"name":"operations/YmlyY2gtY29sbGVjdGl2ZS1kZXZlbG9wL2V1cm9wZS13ZXN0Mi9hZGRBZG1pblJvbGUvT1laVEVqenpyM0k","metadata":{"@type":"type.googleapis.com/google.cloud.functions.v1.OperationMetadataV1","target":"projects/birch-collective-develop/locations/europe-west2/functions/addAdminRole","type":"CREATE_FUNCTION","request":{"@type":"type.googleapis.com/google.cloud.functions.v1.CloudFunction","name":"projects/birch-collective-develop/locations/europe-west2/functions/addAdminRole","httpsTrigger":{"securityLevel":"SECURE_ALWAYS"},"entryPoint":"addAdminRole","labels":{"deployment-tool":"cli-firebase","deployment-callable":"true","firebase-functions-hash":"e0843071cec258f800ed9d8707fbc00ecf29d23b"},"sourceUploadUrl":"https://storage.googleapis.com/uploads-902740247092.europe-west2.cloudfunctions.appspot.com/2677455e-ee5a-4fa7-9989-61b7b0164d22.zip?GoogleAccessId=service-796296843255@gcf-admin-robot.iam.gserviceaccount.com&Expires=1692451555&Signature=MOAbiS9hJYZgjcsSa0xzzNKhIdH%2Bt3smvryP3%2FyvJYvwBCRod0%2FOvrbdWmWAOvFXhu1F7zt7miIzLWaGTZTsO%2FBxY5y7ounmaCLcO4WjM%2FFf9s3hxchy52ZwFYsEyjJkIMDt44iKXm0xV3XcF%2Fh6s%2FEnjZEmyVJUcOD5qNvECWfBhsUTm5xUDnxV%2BixDthTeDEef%2FVFHOByskBOnF49U75w3%2FKcvdbVTCPWttDU63s46xgAwa8%2BxKlrIb4kmojKOV6tX%2F5S7EKEGr6Sd6tIjizgvL%2FwUN6i5SYGLj4y97SyX8fAAUrvRLIIKNs7kWMEfYTzozVVNxiGC8lx3pDIb2A%3D%3D","environmentVariables":{"FIREBASE_CONFIG":"{\"projectId\":\"birch-collective-develop\",\"storageBucket\":\"birch-collective-develop.appspot.com\",\"locationId\":\"europe-west2\"}","GCLOUD_PROJECT":"birch-collective-develop","EVENTARC_CLOUD_EVENT_SOURCE":"projects/birch-collective-develop/locations/europe-west2/functions/addAdminRole"},"runtime":"nodejs18","buildEnvironmentVariables":{"GOOGLE_NODE_RUN_SCRIPTS":""},"dockerRegistry":"ARTIFACT_REGISTRY"},"versionId":"1","updateTime":"2023-08-19T12:55:57Z"}}
[debug] [2023-08-19T12:55:58.636Z] [create-default-europe-west2-addAdminRole] Retrying task index 0
[debug] [2023-08-19T12:55:58.637Z] >>> [apiv2][query] GET https://cloudfunctions.googleapis.com/v1/operations/YmlyY2gtY29sbGVjdGl2ZS1kZXZlbG9wL2V1cm9wZS13ZXN0Mi9hZGRBZG1pblJvbGUvT1laVEVqenpyM0k [none]
[debug] [2023-08-19T12:55:58.782Z] <<< [apiv2][status] GET https://cloudfunctions.googleapis.com/v1/operations/YmlyY2gtY29sbGVjdGl2ZS1kZXZlbG9wL2V1cm9wZS13ZXN0Mi9hZGRBZG1pblJvbGUvT1laVEVqenpyM0k 200
[debug] [2023-08-19T12:55:58.782Z] <<< [apiv2][body] GET https://cloudfunctions.googleapis.com/v1/operations/YmlyY2gtY29sbGVjdGl2ZS1kZXZlbG9wL2V1cm9wZS13ZXN0Mi9hZGRBZG1pblJvbGUvT1laVEVqenpyM0k {"name":"operations/YmlyY2gtY29sbGVjdGl2ZS1kZXZlbG9wL2V1cm9wZS13ZXN0Mi9hZGRBZG1pblJvbGUvT1laVEVqenpyM0k","metadata":{"@type":"type.googleapis.com/google.cloud.functions.v1.OperationMetadataV1","target":"projects/birch-collective-develop/locations/europe-west2/functions/addAdminRole","type":"CREATE_FUNCTION","request":{"@type":"type.googleapis.com/google.cloud.functions.v1.CloudFunction","name":"projects/birch-collective-develop/locations/europe-west2/functions/addAdminRole","httpsTrigger":{"securityLevel":"SECURE_ALWAYS"},"entryPoint":"addAdminRole","labels":{"deployment-tool":"cli-firebase","deployment-callable":"true","firebase-functions-hash":"e0843071cec258f800ed9d8707fbc00ecf29d23b"},"sourceUploadUrl":"https://storage.googleapis.com/uploads-902740247092.europe-west2.cloudfunctions.appspot.com/2677455e-ee5a-4fa7-9989-61b7b0164d22.zip?GoogleAccessId=service-796296843255@gcf-admin-robot.iam.gserviceaccount.com&Expires=1692451555&Signature=MOAbiS9hJYZgjcsSa0xzzNKhIdH%2Bt3smvryP3%2FyvJYvwBCRod0%2FOvrbdWmWAOvFXhu1F7zt7miIzLWaGTZTsO%2FBxY5y7ounmaCLcO4WjM%2FFf9s3hxchy52ZwFYsEyjJkIMDt44iKXm0xV3XcF%2Fh6s%2FEnjZEmyVJUcOD5qNvECWfBhsUTm5xUDnxV%2BixDthTeDEef%2FVFHOByskBOnF49U75w3%2FKcvdbVTCPWttDU63s46xgAwa8%2BxKlrIb4kmojKOV6tX%2F5S7EKEGr6Sd6tIjizgvL%2FwUN6i5SYGLj4y97SyX8fAAUrvRLIIKNs7kWMEfYTzozVVNxiGC8lx3pDIb2A%3D%3D","environmentVariables":{"FIREBASE_CONFIG":"{\"projectId\":\"birch-collective-develop\",\"storageBucket\":\"birch-collective-develop.appspot.com\",\"locationId\":\"europe-west2\"}","GCLOUD_PROJECT":"birch-collective-develop","EVENTARC_CLOUD_EVENT_SOURCE":"projects/birch-collective-develop/locations/europe-west2/functions/addAdminRole"},"runtime":"nodejs18","buildEnvironmentVariables":{"GOOGLE_NODE_RUN_SCRIPTS":""},"dockerRegistry":"ARTIFACT_REGISTRY"},"versionId":"1","updateTime":"2023-08-19T12:55:57Z","buildId":"a0a5784e-35e5-4e39-9e5d-62a275ca845b","buildName":"projects/796296843255/locations/europe-west2/builds/a0a5784e-35e5-4e39-9e5d-62a275ca845b"}}
[debug] [2023-08-19T12:56:00.783Z] [create-default-europe-west2-addAdminRole] Retrying task index 0
[debug] [2023-08-19T12:56:00.784Z] >>> [apiv2][query] GET https://cloudfunctions.googleapis.com/v1/operations/YmlyY2gtY29sbGVjdGl2ZS1kZXZlbG9wL2V1cm9wZS13ZXN0Mi9hZGRBZG1pblJvbGUvT1laVEVqenpyM0k [none]
[debug] [2023-08-19T12:56:00.916Z] <<< [apiv2][status] GET https://cloudfunctions.googleapis.com/v1/operations/YmlyY2gtY29sbGVjdGl2ZS1kZXZlbG9wL2V1cm9wZS13ZXN0Mi9hZGRBZG1pblJvbGUvT1laVEVqenpyM0k 200
[debug] [2023-08-19T12:56:00.917Z] <<< [apiv2][body] GET https://cloudfunctions.googleapis.com/v1/operations/YmlyY2gtY29sbGVjdGl2ZS1kZXZlbG9wL2V1cm9wZS13ZXN0Mi9hZGRBZG1pblJvbGUvT1laVEVqenpyM0k {"name":"operations/YmlyY2gtY29sbGVjdGl2ZS1kZXZlbG9wL2V1cm9wZS13ZXN0Mi9hZGRBZG1pblJvbGUvT1laVEVqenpyM0k","metadata":{"@type":"type.googleapis.com/google.cloud.functions.v1.OperationMetadataV1","target":"projects/birch-collective-develop/locations/europe-west2/functions/addAdminRole","type":"CREATE_FUNCTION","request":{"@type":"type.googleapis.com/google.cloud.functions.v1.CloudFunction","name":"projects/birch-collective-develop/locations/europe-west2/functions/addAdminRole","httpsTrigger":{"securityLevel":"SECURE_ALWAYS"},"entryPoint":"addAdminRole","labels":{"deployment-tool":"cli-firebase","deployment-callable":"true","firebase-functions-hash":"e0843071cec258f800ed9d8707fbc00ecf29d23b"},"sourceUploadUrl":"https://storage.googleapis.com/uploads-902740247092.europe-west2.cloudfunctions.appspot.com/2677455e-ee5a-4fa7-9989-61b7b0164d22.zip?GoogleAccessId=service-796296843255@gcf-admin-robot.iam.gserviceaccount.com&Expires=1692451555&Signature=MOAbiS9hJYZgjcsSa0xzzNKhIdH%2Bt3smvryP3%2FyvJYvwBCRod0%2FOvrbdWmWAOvFXhu1F7zt7miIzLWaGTZTsO%2FBxY5y7ounmaCLcO4WjM%2FFf9s3hxchy52ZwFYsEyjJkIMDt44iKXm0xV3XcF%2Fh6s%2FEnjZEmyVJUcOD5qNvECWfBhsUTm5xUDnxV%2BixDthTeDEef%2FVFHOByskBOnF49U75w3%2FKcvdbVTCPWttDU63s46xgAwa8%2BxKlrIb4kmojKOV6tX%2F5S7EKEGr6Sd6tIjizgvL%2FwUN6i5SYGLj4y97SyX8fAAUrvRLIIKNs7kWMEfYTzozVVNxiGC8lx3pDIb2A%3D%3D","environmentVariables":{"FIREBASE_CONFIG":"{\"projectId\":\"birch-collective-develop\",\"storageBucket\":\"birch-collective-develop.appspot.com\",\"locationId\":\"europe-west2\"}","GCLOUD_PROJECT":"birch-collective-develop","EVENTARC_CLOUD_EVENT_SOURCE":"projects/birch-collective-develop/locations/europe-west2/functions/addAdminRole"},"runtime":"nodejs18","buildEnvironmentVariables":{"GOOGLE_NODE_RUN_SCRIPTS":""},"dockerRegistry":"ARTIFACT_REGISTRY"},"versionId":"1","updateTime":"2023-08-19T12:55:57Z","buildId":"a0a5784e-35e5-4e39-9e5d-62a275ca845b","buildName":"projects/796296843255/locations/europe-west2/builds/a0a5784e-35e5-4e39-9e5d-62a275ca845b"}}
[debug] [2023-08-19T12:56:04.917Z] [create-default-europe-west2-addAdminRole] Retrying task index 0
[debug] [2023-08-19T12:56:04.917Z] >>> [apiv2][query] GET https://cloudfunctions.googleapis.com/v1/operations/YmlyY2gtY29sbGVjdGl2ZS1kZXZlbG9wL2V1cm9wZS13ZXN0Mi9hZGRBZG1pblJvbGUvT1laVEVqenpyM0k [none]
[debug] [2023-08-19T12:56:05.059Z] <<< [apiv2][status] GET https://cloudfunctions.googleapis.com/v1/operations/YmlyY2gtY29sbGVjdGl2ZS1kZXZlbG9wL2V1cm9wZS13ZXN0Mi9hZGRBZG1pblJvbGUvT1laVEVqenpyM0k 200
[debug] [2023-08-19T12:56:05.059Z] <<< [apiv2][body] GET https://cloudfunctions.googleapis.com/v1/operations/YmlyY2gtY29sbGVjdGl2ZS1kZXZlbG9wL2V1cm9wZS13ZXN0Mi9hZGRBZG1pblJvbGUvT1laVEVqenpyM0k {"name":"operations/YmlyY2gtY29sbGVjdGl2ZS1kZXZlbG9wL2V1cm9wZS13ZXN0Mi9hZGRBZG1pblJvbGUvT1laVEVqenpyM0k","metadata":{"@type":"type.googleapis.com/google.cloud.functions.v1.OperationMetadataV1","target":"projects/birch-collective-develop/locations/europe-west2/functions/addAdminRole","type":"CREATE_FUNCTION","request":{"@type":"type.googleapis.com/google.cloud.functions.v1.CloudFunction","name":"projects/birch-collective-develop/locations/europe-west2/functions/addAdminRole","httpsTrigger":{"securityLevel":"SECURE_ALWAYS"},"entryPoint":"addAdminRole","labels":{"deployment-tool":"cli-firebase","deployment-callable":"true","firebase-functions-hash":"e0843071cec258f800ed9d8707fbc00ecf29d23b"},"sourceUploadUrl":"https://storage.googleapis.com/uploads-902740247092.europe-west2.cloudfunctions.appspot.com/2677455e-ee5a-4fa7-9989-61b7b0164d22.zip?GoogleAccessId=service-796296843255@gcf-admin-robot.iam.gserviceaccount.com&Expires=1692451555&Signature=MOAbiS9hJYZgjcsSa0xzzNKhIdH%2Bt3smvryP3%2FyvJYvwBCRod0%2FOvrbdWmWAOvFXhu1F7zt7miIzLWaGTZTsO%2FBxY5y7ounmaCLcO4WjM%2FFf9s3hxchy52ZwFYsEyjJkIMDt44iKXm0xV3XcF%2Fh6s%2FEnjZEmyVJUcOD5qNvECWfBhsUTm5xUDnxV%2BixDthTeDEef%2FVFHOByskBOnF49U75w3%2FKcvdbVTCPWttDU63s46xgAwa8%2BxKlrIb4kmojKOV6tX%2F5S7EKEGr6Sd6tIjizgvL%2FwUN6i5SYGLj4y97SyX8fAAUrvRLIIKNs7kWMEfYTzozVVNxiGC8lx3pDIb2A%3D%3D","environmentVariables":{"FIREBASE_CONFIG":"{\"projectId\":\"birch-collective-develop\",\"storageBucket\":\"birch-collective-develop.appspot.com\",\"locationId\":\"europe-west2\"}","GCLOUD_PROJECT":"birch-collective-develop","EVENTARC_CLOUD_EVENT_SOURCE":"projects/birch-collective-develop/locations/europe-west2/functions/addAdminRole"},"runtime":"nodejs18","buildEnvironmentVariables":{"GOOGLE_NODE_RUN_SCRIPTS":""},"dockerRegistry":"ARTIFACT_REGISTRY"},"versionId":"1","updateTime":"2023-08-19T12:55:57Z","buildId":"a0a5784e-35e5-4e39-9e5d-62a275ca845b","buildName":"projects/796296843255/locations/europe-west2/builds/a0a5784e-35e5-4e39-9e5d-62a275ca845b"}}
[debug] [2023-08-19T12:56:13.066Z] [create-default-europe-west2-addAdminRole] Retrying task index 0
[debug] [2023-08-19T12:56:13.068Z] >>> [apiv2][query] GET https://cloudfunctions.googleapis.com/v1/operations/YmlyY2gtY29sbGVjdGl2ZS1kZXZlbG9wL2V1cm9wZS13ZXN0Mi9hZGRBZG1pblJvbGUvT1laVEVqenpyM0k [none]
[debug] [2023-08-19T12:56:13.218Z] <<< [apiv2][status] GET https://cloudfunctions.googleapis.com/v1/operations/YmlyY2gtY29sbGVjdGl2ZS1kZXZlbG9wL2V1cm9wZS13ZXN0Mi9hZGRBZG1pblJvbGUvT1laVEVqenpyM0k 200
[debug] [2023-08-19T12:56:13.219Z] <<< [apiv2][body] GET https://cloudfunctions.googleapis.com/v1/operations/YmlyY2gtY29sbGVjdGl2ZS1kZXZlbG9wL2V1cm9wZS13ZXN0Mi9hZGRBZG1pblJvbGUvT1laVEVqenpyM0k {"name":"operations/YmlyY2gtY29sbGVjdGl2ZS1kZXZlbG9wL2V1cm9wZS13ZXN0Mi9hZGRBZG1pblJvbGUvT1laVEVqenpyM0k","metadata":{"@type":"type.googleapis.com/google.cloud.functions.v1.OperationMetadataV1","target":"projects/birch-collective-develop/locations/europe-west2/functions/addAdminRole","type":"CREATE_FUNCTION","request":{"@type":"type.googleapis.com/google.cloud.functions.v1.CloudFunction","name":"projects/birch-collective-develop/locations/europe-west2/functions/addAdminRole","httpsTrigger":{"securityLevel":"SECURE_ALWAYS"},"entryPoint":"addAdminRole","labels":{"deployment-tool":"cli-firebase","deployment-callable":"true","firebase-functions-hash":"e0843071cec258f800ed9d8707fbc00ecf29d23b"},"sourceUploadUrl":"https://storage.googleapis.com/uploads-902740247092.europe-west2.cloudfunctions.appspot.com/2677455e-ee5a-4fa7-9989-61b7b0164d22.zip?GoogleAccessId=service-796296843255@gcf-admin-robot.iam.gserviceaccount.com&Expires=1692451555&Signature=MOAbiS9hJYZgjcsSa0xzzNKhIdH%2Bt3smvryP3%2FyvJYvwBCRod0%2FOvrbdWmWAOvFXhu1F7zt7miIzLWaGTZTsO%2FBxY5y7ounmaCLcO4WjM%2FFf9s3hxchy52ZwFYsEyjJkIMDt44iKXm0xV3XcF%2Fh6s%2FEnjZEmyVJUcOD5qNvECWfBhsUTm5xUDnxV%2BixDthTeDEef%2FVFHOByskBOnF49U75w3%2FKcvdbVTCPWttDU63s46xgAwa8%2BxKlrIb4kmojKOV6tX%2F5S7EKEGr6Sd6tIjizgvL%2FwUN6i5SYGLj4y97SyX8fAAUrvRLIIKNs7kWMEfYTzozVVNxiGC8lx3pDIb2A%3D%3D","environmentVariables":{"FIREBASE_CONFIG":"{\"projectId\":\"birch-collective-develop\",\"storageBucket\":\"birch-collective-develop.appspot.com\",\"locationId\":\"europe-west2\"}","GCLOUD_PROJECT":"birch-collective-develop","EVENTARC_CLOUD_EVENT_SOURCE":"projects/birch-collective-develop/locations/europe-west2/functions/addAdminRole"},"runtime":"nodejs18","buildEnvironmentVariables":{"GOOGLE_NODE_RUN_SCRIPTS":""},"dockerRegistry":"ARTIFACT_REGISTRY"},"versionId":"1","updateTime":"2023-08-19T12:55:57Z","buildId":"a0a5784e-35e5-4e39-9e5d-62a275ca845b","buildName":"projects/796296843255/locations/europe-west2/builds/a0a5784e-35e5-4e39-9e5d-62a275ca845b"}}
[debug] [2023-08-19T12:56:23.226Z] [create-default-europe-west2-addAdminRole] Retrying task index 0
[debug] [2023-08-19T12:56:23.227Z] >>> [apiv2][query] GET https://cloudfunctions.googleapis.com/v1/operations/YmlyY2gtY29sbGVjdGl2ZS1kZXZlbG9wL2V1cm9wZS13ZXN0Mi9hZGRBZG1pblJvbGUvT1laVEVqenpyM0k [none]
[debug] [2023-08-19T12:56:23.359Z] <<< [apiv2][status] GET https://cloudfunctions.googleapis.com/v1/operations/YmlyY2gtY29sbGVjdGl2ZS1kZXZlbG9wL2V1cm9wZS13ZXN0Mi9hZGRBZG1pblJvbGUvT1laVEVqenpyM0k 200
[debug] [2023-08-19T12:56:23.360Z] <<< [apiv2][body] GET https://cloudfunctions.googleapis.com/v1/operations/YmlyY2gtY29sbGVjdGl2ZS1kZXZlbG9wL2V1cm9wZS13ZXN0Mi9hZGRBZG1pblJvbGUvT1laVEVqenpyM0k {"name":"operations/YmlyY2gtY29sbGVjdGl2ZS1kZXZlbG9wL2V1cm9wZS13ZXN0Mi9hZGRBZG1pblJvbGUvT1laVEVqenpyM0k","metadata":{"@type":"type.googleapis.com/google.cloud.functions.v1.OperationMetadataV1","target":"projects/birch-collective-develop/locations/europe-west2/functions/addAdminRole","type":"CREATE_FUNCTION","request":{"@type":"type.googleapis.com/google.cloud.functions.v1.CloudFunction","name":"projects/birch-collective-develop/locations/europe-west2/functions/addAdminRole","httpsTrigger":{"securityLevel":"SECURE_ALWAYS"},"entryPoint":"addAdminRole","labels":{"deployment-tool":"cli-firebase","deployment-callable":"true","firebase-functions-hash":"e0843071cec258f800ed9d8707fbc00ecf29d23b"},"sourceUploadUrl":"https://storage.googleapis.com/uploads-902740247092.europe-west2.cloudfunctions.appspot.com/2677455e-ee5a-4fa7-9989-61b7b0164d22.zip?GoogleAccessId=service-796296843255@gcf-admin-robot.iam.gserviceaccount.com&Expires=1692451555&Signature=MOAbiS9hJYZgjcsSa0xzzNKhIdH%2Bt3smvryP3%2FyvJYvwBCRod0%2FOvrbdWmWAOvFXhu1F7zt7miIzLWaGTZTsO%2FBxY5y7ounmaCLcO4WjM%2FFf9s3hxchy52ZwFYsEyjJkIMDt44iKXm0xV3XcF%2Fh6s%2FEnjZEmyVJUcOD5qNvECWfBhsUTm5xUDnxV%2BixDthTeDEef%2FVFHOByskBOnF49U75w3%2FKcvdbVTCPWttDU63s46xgAwa8%2BxKlrIb4kmojKOV6tX%2F5S7EKEGr6Sd6tIjizgvL%2FwUN6i5SYGLj4y97SyX8fAAUrvRLIIKNs7kWMEfYTzozVVNxiGC8lx3pDIb2A%3D%3D","environmentVariables":{"FIREBASE_CONFIG":"{\"projectId\":\"birch-collective-develop\",\"storageBucket\":\"birch-collective-develop.appspot.com\",\"locationId\":\"europe-west2\"}","GCLOUD_PROJECT":"birch-collective-develop","EVENTARC_CLOUD_EVENT_SOURCE":"projects/birch-collective-develop/locations/europe-west2/functions/addAdminRole"},"runtime":"nodejs18","buildEnvironmentVariables":{"GOOGLE_NODE_RUN_SCRIPTS":""},"dockerRegistry":"ARTIFACT_REGISTRY"},"versionId":"1","updateTime":"2023-08-19T12:55:57Z","buildId":"a0a5784e-35e5-4e39-9e5d-62a275ca845b","buildName":"projects/796296843255/locations/europe-west2/builds/a0a5784e-35e5-4e39-9e5d-62a275ca845b"}}
